app/automotive/build/intermediates/manifest_merge_blame_file/debug/manifest-merger-blame-debug-report.txt
1<?xml version="1.0" encoding="utf-8"?>
2<!--
3  ~ Copyright 2019 Google LLC
4  ~
5  ~ Licensed under the Apache License, Version 2.0 (the "License");
6  ~ you may not use this file except in compliance with the License.
7  ~ You may obtain a copy of the License at
8  ~
9  ~     https://www.apache.org/licenses/LICENSE-2.0
10  ~
11  ~ Unless required by applicable law or agreed to in writing, software
12  ~ distributed under the License is distributed on an "AS IS" BASIS,
13  ~ WITHOUT WARRANTIES OR CONDITIONS OF ANY KIND, either express or implied.
14  ~ See the License for the specific language governing permissions and
15  ~ limitations under the License.
16-->
17<manifest xmlns:android="http://schemas.android.com/apk/res/android"
18    package="com.example.android.uamp.next"
19    android:versionCode="1"
20    android:versionName="1.0" >
21
22    <uses-sdk
22-->src/main/AndroidManifest.xml:31:5-54
23        android:minSdkVersion="21"
23-->src/main/AndroidManifest.xml:31:5-54
24        android:targetSdkVersion="30" />
24-->src/main/AndroidManifest.xml:31:5-54
25
26    <!--
27    Since this module contains code exclusive to Android Automotive, require the feature here.
28
29    If you were mixing projected and automotive code, then the feature should not be marked
30    as required.
31    -->
32    <uses-feature
32-->src/main/AndroidManifest.xml:27:5-29:35
33        android:name="android.hardware.type.automotive"
33-->src/main/AndroidManifest.xml:28:9-56
34        android:required="true" />
34-->src/main/AndroidManifest.xml:29:9-32
35    <uses-feature
35-->src/main/AndroidManifest.xml:33:5-35:36
36        android:name="android.hardware.wifi"
36-->src/main/AndroidManifest.xml:34:9-45
37        android:required="false" />
37-->src/main/AndroidManifest.xml:35:9-33
38    <uses-feature
38-->src/main/AndroidManifest.xml:36:5-38:36
39        android:name="android.hardware.screen.portrait"
39-->src/main/AndroidManifest.xml:37:9-56
40        android:required="false" />
40-->src/main/AndroidManifest.xml:38:9-33
41    <uses-feature
41-->src/main/AndroidManifest.xml:39:5-41:36
42        android:name="android.hardware.screen.landscape"
42-->src/main/AndroidManifest.xml:40:9-57
43        android:required="false" />
43-->src/main/AndroidManifest.xml:41:9-33
44
45    <uses-permission android:name="android.permission.FOREGROUND_SERVICE" />
45-->[:common] AndroidManifest.xml:26:5-77
45-->[:common] AndroidManifest.xml:26:22-74
46    <uses-permission android:name="android.permission.INTERNET" />
46-->[:common] AndroidManifest.xml:27:5-67
46-->[:common] AndroidManifest.xml:27:22-64
47    <uses-permission android:name="android.permission.ACCESS_NETWORK_STATE" />
47-->[com.google.android.exoplayer:exoplayer-core:2.11.5] AndroidManifest.xml:24:5-79
47-->[com.google.android.exoplayer:exoplayer-core:2.11.5] AndroidManifest.xml:24:22-76
48
49    <application
49-->src/main/AndroidManifest.xml:43:5-89:19
50        android:allowBackup="true"
50-->src/main/AndroidManifest.xml:44:9-35
51        android:appCategory="audio"
51-->src/main/AndroidManifest.xml:45:9-36
52        android:appComponentFactory="androidx.core.app.CoreComponentFactory"
52-->[androidx.core:core:1.3.1] AndroidManifest.xml:24:18-86
53        android:debuggable="true"
54        android:icon="@mipmap/ic_launcher"
54-->src/main/AndroidManifest.xml:46:9-43
55        android:label="@string/app_name"
55-->src/main/AndroidManifest.xml:47:9-41
56        android:roundIcon="@mipmap/ic_launcher_round"
56-->src/main/AndroidManifest.xml:48:9-54
57        android:supportsRtl="true"
57-->src/main/AndroidManifest.xml:49:9-35
58        android:theme="@style/AppTheme" >
58-->src/main/AndroidManifest.xml:50:9-40
59        <meta-data
59-->src/main/AndroidManifest.xml:53:9-55:59
60            android:name="com.android.automotive"
60-->src/main/AndroidManifest.xml:54:13-50
61            android:resource="@xml/automotive_app_desc" />
61-->src/main/AndroidManifest.xml:55:13-56
62
63        <activity
63-->src/main/AndroidManifest.xml:57:9-63:20
64            android:name="com.example.android.uamp.automotive.SignInActivity"
64-->src/main/AndroidManifest.xml:58:13-43
65            android:exported="true" >
65-->src/main/AndroidManifest.xml:59:13-36
66            <intent-filter>
66-->src/main/AndroidManifest.xml:60:13-62:29
67                <action android:name="android.intent.action.ACTION_SIGN_IN" />
67-->src/main/AndroidManifest.xml:61:17-79
67-->src/main/AndroidManifest.xml:61:25-76
68            </intent-filter>
69        </activity>
70
71        <!-- Car compatible theme must use minSDK24 -->
72        <activity
72-->src/main/AndroidManifest.xml:66:9-73:20
73            android:name="com.example.android.uamp.automotive.SettingsActivity"
73-->src/main/AndroidManifest.xml:67:13-45
74            android:label="@string/settings_label"
74-->src/main/AndroidManifest.xml:68:13-51
75            android:theme="@style/AppTheme.Drawer" >
75-->src/main/AndroidManifest.xml:69:13-51
76            <intent-filter>
76-->src/main/AndroidManifest.xml:70:13-72:29
77                <action android:name="android.intent.action.APPLICATION_PREFERENCES" />
77-->src/main/AndroidManifest.xml:71:17-88
77-->src/main/AndroidManifest.xml:71:25-85
78            </intent-filter>
79        </activity>
80
81        <!--
82        Declare the MediaBrowserService which supports Android Automotive specific
83        extensions.
84        -->
85        <service
85-->src/main/AndroidManifest.xml:79:9-88:19
86            android:name="com.example.android.uamp.automotive.AutomotiveMusicService"
86-->src/main/AndroidManifest.xml:80:13-51
87            android:enabled="true"
87-->src/main/AndroidManifest.xml:81:13-35
88            android:exported="true" >
88-->src/main/AndroidManifest.xml:82:13-36
89            <intent-filter>
89-->src/main/AndroidManifest.xml:85:13-87:29
90                <action android:name="android.media.browse.MediaBrowserService" />
90-->src/main/AndroidManifest.xml:86:17-83
90-->src/main/AndroidManifest.xml:86:25-80
91            </intent-filter>
92        </service>
93        <!--
94             MediaSession, prior to API 21, uses a broadcast receiver to communicate with a
95             media session. It does not have to be this broadcast receiver, but it must
96             handle the action "android.intent.action.MEDIA_BUTTON".
97
98             Additionally, this is used to resume the service from an inactive state upon
99             receiving a media button event (such as "play").
100        -->
101        <receiver android:name="androidx.media.session.MediaButtonReceiver" >
101-->[:common] AndroidManifest.xml:39:9-43:20
101-->[:common] AndroidManifest.xml:39:19-76
102            <intent-filter>
102-->[:common] AndroidManifest.xml:40:13-42:29
103                <action android:name="android.intent.action.MEDIA_BUTTON" />
103-->[:common] AndroidManifest.xml:41:17-77
103-->[:common] AndroidManifest.xml:41:25-74
104            </intent-filter>
105        </receiver>
106
107        <provider
107-->[:common] AndroidManifest.xml:45:9-48:39
108            android:name="com.example.android.uamp.media.library.AlbumArtContentProvider"
108-->[:common] AndroidManifest.xml:46:13-90
109            android:authorities="com.example.android.uamp.media.library.provider"
109-->[:common] AndroidManifest.xml:47:13-82
110            android:exported="true" />
110-->[:common] AndroidManifest.xml:48:13-36
111
112        <receiver
112-->[com.google.android.gms:play-services-cast-framework:18.1.0] AndroidManifest.xml:10:9-12:40
113            android:name="com.google.android.gms.cast.framework.media.MediaIntentReceiver"
113-->[com.google.android.gms:play-services-cast-framework:18.1.0] AndroidManifest.xml:11:13-91
114            android:exported="false" />
114-->[com.google.android.gms:play-services-cast-framework:18.1.0] AndroidManifest.xml:12:13-37
115
116        <service
116-->[com.google.android.gms:play-services-cast-framework:18.1.0] AndroidManifest.xml:14:9-16:40
117            android:name="com.google.android.gms.cast.framework.media.MediaNotificationService"
117-->[com.google.android.gms:play-services-cast-framework:18.1.0] AndroidManifest.xml:15:13-96
118            android:exported="false" />
118-->[com.google.android.gms:play-services-cast-framework:18.1.0] AndroidManifest.xml:16:13-37
119        <service
119-->[com.google.android.gms:play-services-cast-framework:18.1.0] AndroidManifest.xml:17:9-19:40
120            android:name="com.google.android.gms.cast.framework.ReconnectionService"
120-->[com.google.android.gms:play-services-cast-framework:18.1.0] AndroidManifest.xml:18:13-85
121            android:exported="false" />
121-->[com.google.android.gms:play-services-cast-framework:18.1.0] AndroidManifest.xml:19:13-37
122
123        <activity
123-->[com.google.android.gms:play-services-auth:18.1.0] AndroidManifest.xml:23:9-27:75
124            android:name="com.google.android.gms.auth.api.signin.internal.SignInHubActivity"
124-->[com.google.android.gms:play-services-auth:18.1.0] AndroidManifest.xml:24:13-93
125            android:excludeFromRecents="true"
125-->[com.google.android.gms:play-services-auth:18.1.0] AndroidManifest.xml:25:13-46
126            android:exported="false"
126-->[com.google.android.gms:play-services-auth:18.1.0] AndroidManifest.xml:26:13-37
127            android:theme="@android:style/Theme.Translucent.NoTitleBar" />
127-->[com.google.android.gms:play-services-auth:18.1.0] AndroidManifest.xml:27:13-72
128        <!--
129            Service handling Google Sign-In user revocation. For apps that do not integrate with
130            Google Sign-In, this service will never be started.
131        -->
132        <service
132-->[com.google.android.gms:play-services-auth:18.1.0] AndroidManifest.xml:33:9-37:51
133            android:name="com.google.android.gms.auth.api.signin.RevocationBoundService"
133-->[com.google.android.gms:play-services-auth:18.1.0] AndroidManifest.xml:34:13-89
134            android:exported="true"
134-->[com.google.android.gms:play-services-auth:18.1.0] AndroidManifest.xml:35:13-36
135            android:permission="com.google.android.gms.auth.api.signin.permission.REVOCATION_NOTIFICATION"
135-->[com.google.android.gms:play-services-auth:18.1.0] AndroidManifest.xml:36:13-107
136            android:visibleToInstantApps="true" />
136-->[com.google.android.gms:play-services-auth:18.1.0] AndroidManifest.xml:37:13-48
137
138        <activity
138-->[com.google.android.gms:play-services-base:17.1.0] AndroidManifest.xml:23:9-26:75
139            android:name="com.google.android.gms.common.api.GoogleApiActivity"
139-->[com.google.android.gms:play-services-base:17.1.0] AndroidManifest.xml:24:13-79
140            android:exported="false"
140-->[com.google.android.gms:play-services-base:17.1.0] AndroidManifest.xml:25:13-37
141            android:theme="@android:style/Theme.Translucent.NoTitleBar" />
141-->[com.google.android.gms:play-services-base:17.1.0] AndroidManifest.xml:26:13-72
142
143        <meta-data
143-->[com.google.android.gms:play-services-basement:17.1.1] AndroidManifest.xml:23:9-25:69
144            android:name="com.google.android.gms.version"
144-->[com.google.android.gms:play-services-basement:17.1.1] AndroidManifest.xml:24:13-58
145            android:value="@integer/google_play_services_version" />
145-->[com.google.android.gms:play-services-basement:17.1.1] AndroidManifest.xml:25:13-66
146
147        <provider
147-->[androidx.lifecycle:lifecycle-process:2.2.0] AndroidManifest.xml:25:9-29:43
148            android:name="androidx.lifecycle.ProcessLifecycleOwnerInitializer"
148-->[androidx.lifecycle:lifecycle-process:2.2.0] AndroidManifest.xml:26:13-79
149            android:authorities="com.example.android.uamp.next.lifecycle-process"
149-->[androidx.lifecycle:lifecycle-process:2.2.0] AndroidManifest.xml:27:13-69
150            android:exported="false"
150-->[androidx.lifecycle:lifecycle-process:2.2.0] AndroidManifest.xml:28:13-37
151            android:multiprocess="true" />
151-->[androidx.lifecycle:lifecycle-process:2.2.0] AndroidManifest.xml:29:13-40
152
153        <service
153-->[com.google.android.datatransport:transport-backend-cct:2.1.0] AndroidManifest.xml:29:9-35:19
154            android:name="com.google.android.datatransport.runtime.backends.TransportBackendDiscovery"
154-->[com.google.android.datatransport:transport-backend-cct:2.1.0] AndroidManifest.xml:30:13-103
155            android:exported="false" >
155-->[com.google.android.datatransport:transport-backend-cct:2.1.0] AndroidManifest.xml:31:13-37
156            <meta-data
156-->[com.google.android.datatransport:transport-backend-cct:2.1.0] AndroidManifest.xml:32:13-34:39
157                android:name="backend:com.google.android.datatransport.cct.CctBackendFactory"
157-->[com.google.android.datatransport:transport-backend-cct:2.1.0] AndroidManifest.xml:33:17-94
158                android:value="cct" />
158-->[com.google.android.datatransport:transport-backend-cct:2.1.0] AndroidManifest.xml:34:17-36
159        </service>
160        <service
160-->[com.google.android.datatransport:transport-runtime:2.1.0] AndroidManifest.xml:26:9-30:19
161            android:name="com.google.android.datatransport.runtime.scheduling.jobscheduling.JobInfoSchedulerService"
161-->[com.google.android.datatransport:transport-runtime:2.1.0] AndroidManifest.xml:27:13-117
162            android:exported="false"
162-->[com.google.android.datatransport:transport-runtime:2.1.0] AndroidManifest.xml:28:13-37
163            android:permission="android.permission.BIND_JOB_SERVICE" >
163-->[com.google.android.datatransport:transport-runtime:2.1.0] AndroidManifest.xml:29:13-69
164        </service>
165
166        <receiver
166-->[com.google.android.datatransport:transport-runtime:2.1.0] AndroidManifest.xml:32:9-34:40
167            android:name="com.google.android.datatransport.runtime.scheduling.jobscheduling.AlarmManagerSchedulerBroadcastReceiver"
167-->[com.google.android.datatransport:transport-runtime:2.1.0] AndroidManifest.xml:33:13-132
168            android:exported="false" />
168-->[com.google.android.datatransport:transport-runtime:2.1.0] AndroidManifest.xml:34:13-37
169    </application>
170
171</manifest>